2025-10-08 06:53:07.987+0000 INFO  Logging config in use: File '/var/lib/neo4j/conf/user-logs.xml'
2025-10-08 06:53:08.005+0000 INFO  Starting...
2025-10-08 06:53:08.906+0000 INFO  This instance is ServerId{53551f2c} (53551f2c-5ab2-43a0-a489-cd7be7dd3654)
2025-10-08 06:53:10.162+0000 INFO  ======== Neo4j 5.21.2 ========
2025-10-08 06:53:13.975+0000 INFO  Anonymous Usage Data is being sent to Neo4j, see https://neo4j.com/docs/usage-data/
2025-10-08 06:53:14.033+0000 INFO  Bolt enabled on 0.0.0.0:7687.
2025-10-08 06:53:14.738+0000 INFO  HTTP enabled on 0.0.0.0:7474.
2025-10-08 06:53:14.739+0000 INFO  Remote interface available at http://localhost:7474/
2025-10-08 06:53:14.745+0000 INFO  id: 19117F3AF7C82FBCC8BD885179837966AF6070796166BCD0719986B18B11418E
2025-10-08 06:53:14.745+0000 INFO  name: system
2025-10-08 06:53:14.746+0000 INFO  creationDate: 2025-10-08T06:53:11.672Z
2025-10-08 06:53:14.746+0000 INFO  Started.
2025-10-08 06:53:53.313+0000 WARN  [bolt-17] The client is unauthorized due to authentication failure.
2025-10-08 06:53:53.563+0000 WARN  [bolt-18] The client is unauthorized due to authentication failure.
2025-10-08 06:53:53.809+0000 WARN  [bolt-19] The client is unauthorized due to authentication failure.
2025-10-08 06:54:38.231+0000 WARN  [bolt-42] The client is unauthorized due to authentication failure.
2025-10-08 06:54:38.588+0000 WARN  [bolt-43] The client is unauthorized due to authentication failure.
2025-10-08 06:54:38.953+0000 WARN  [bolt-44] The client is unauthorized due to authentication failure.
2025-10-08 06:54:54.873+0000 INFO  Neo4j Server shutdown initiated by request
2025-10-08 06:54:54.873+0000 INFO  Stopping...
2025-10-08 12:01:23.387+0000 INFO  Logging config in use: File '/var/lib/neo4j/conf/user-logs.xml'
2025-10-08 12:01:23.405+0000 INFO  Starting...
2025-10-08 12:01:24.110+0000 INFO  This instance is ServerId{53551f2c} (53551f2c-5ab2-43a0-a489-cd7be7dd3654)
2025-10-08 12:01:24.842+0000 INFO  ======== Neo4j 5.21.2 ========
2025-10-08 12:01:26.436+0000 INFO  Anonymous Usage Data is being sent to Neo4j, see https://neo4j.com/docs/usage-data/
2025-10-08 12:01:26.461+0000 INFO  Bolt enabled on 0.0.0.0:7687.
2025-10-08 12:01:26.808+0000 INFO  HTTP enabled on 0.0.0.0:7474.
2025-10-08 12:01:26.809+0000 INFO  Remote interface available at http://localhost:7474/
2025-10-08 12:01:26.811+0000 INFO  id: 19117F3AF7C82FBCC8BD885179837966AF6070796166BCD0719986B18B11418E
2025-10-08 12:01:26.811+0000 INFO  name: system
2025-10-08 12:01:26.811+0000 INFO  creationDate: 2025-10-08T06:53:11.672Z
2025-10-08 12:01:26.811+0000 INFO  Started.
2025-10-08 12:30:16.362+0000 INFO  Neo4j Server shutdown initiated by request
2025-10-08 12:30:16.362+0000 INFO  Stopping...
2025-10-08 15:53:27.939+0000 INFO  Logging config in use: File '/var/lib/neo4j/conf/user-logs.xml'
2025-10-08 15:53:27.968+0000 INFO  Starting...
2025-10-08 15:53:29.057+0000 INFO  This instance is ServerId{53551f2c} (53551f2c-5ab2-43a0-a489-cd7be7dd3654)
2025-10-08 15:53:30.088+0000 INFO  ======== Neo4j 5.21.2 ========
2025-10-08 15:53:33.123+0000 INFO  Anonymous Usage Data is being sent to Neo4j, see https://neo4j.com/docs/usage-data/
2025-10-08 15:53:33.160+0000 INFO  Bolt enabled on 0.0.0.0:7687.
2025-10-08 15:53:34.172+0000 INFO  HTTP enabled on 0.0.0.0:7474.
2025-10-08 15:53:34.173+0000 INFO  Remote interface available at http://localhost:7474/
2025-10-08 15:53:34.176+0000 INFO  id: 19117F3AF7C82FBCC8BD885179837966AF6070796166BCD0719986B18B11418E
2025-10-08 15:53:34.177+0000 INFO  name: system
2025-10-08 15:53:34.177+0000 INFO  creationDate: 2025-10-08T06:53:11.672Z
2025-10-08 15:53:34.178+0000 INFO  Started.
